
-------------------------------------------------------------------------------------------------------------------------------
Time:[25-09-2014 08:13:22 am] - IP:[115.186.125.71] - User:[qc] - Browser info: [Mozilla/5.0 (Windows NT 6.1) AppleWebKit/537.36 (KHTML, like Gecko) Chrome/37.0.2062.120 Safari/537.36]
-------------------------------------------------------------------------------------------------------------------------------

Update menu name,desc

QUERY -- UPDATE menus SET menu_name= 'Dinners', menu_desc = 'Dinner for families only will love the environment' WHERE id =1626
-------------------------------------------------------------------------------------------------------------------------------
Time:[25-09-2014 08:13:34 am] - IP:[115.186.125.71] - User:[qc] - Browser info: [Mozilla/5.0 (Windows NT 6.1) AppleWebKit/537.36 (KHTML, like Gecko) Chrome/37.0.2062.120 Safari/537.36]
-------------------------------------------------------------------------------------------------------------------------------

Update menu name,desc

QUERY -- UPDATE menus SET menu_name= 'Dinner', menu_desc = 'Dinner for families only will love the environment' WHERE id =1626
-------------------------------------------------------------------------------------------------------------------------------
Time:[25-09-2014 08:15:11 am] - IP:[115.186.125.71] - User:[qc] - Browser info: [Mozilla/5.0 (Windows NT 6.1) AppleWebKit/537.36 (KHTML, like Gecko) Chrome/37.0.2062.120 Safari/537.36]
-------------------------------------------------------------------------------------------------------------------------------

Update Product Title, Desc, Retail Pric, Type - menu_ajax.php

QUERY -- update product set item_title = 'Check 123', item_des = 'Check 123', retail_price = £12.00, item_type='1,3,5' where prd_id = 115984
-------------------------------------------------------------------------------------------------------------------------------
Time:[25-09-2014 08:15:11 am] - IP:[115.186.125.71] - User:[qc] - Browser info: [Mozilla/5.0 (Windows NT 6.1) AppleWebKit/537.36 (KHTML, like Gecko) Chrome/37.0.2062.120 Safari/537.36]
-------------------------------------------------------------------------------------------------------------------------------

Update Product Image - menu_ajax.php

QUERY -- UPDATE product set item_image = '' where prd_id = 115984
-------------------------------------------------------------------------------------------------------------------------------
Time:[25-09-2014 08:15:44 am] - IP:[115.186.125.71] - User:[qc] - Browser info: [Mozilla/5.0 (Windows NT 6.1) AppleWebKit/537.36 (KHTML, like Gecko) Chrome/37.0.2062.120 Safari/537.36]
-------------------------------------------------------------------------------------------------------------------------------

Delete product association - menu_ajax.php

QUERY -- Delete from product_association where association_id = '115991' and product_id in(Select prd_id from product where sub_cat_id = 14528)
-------------------------------------------------------------------------------------------------------------------------------
Time:[25-09-2014 08:15:46 am] - IP:[115.186.125.71] - User:[qc] - Browser info: [Mozilla/5.0 (Windows NT 6.1) AppleWebKit/537.36 (KHTML, like Gecko) Chrome/37.0.2062.120 Safari/537.36]
-------------------------------------------------------------------------------------------------------------------------------

Delete product association - menu_ajax.php

QUERY -- Delete from product_association where association_id = '115989' and product_id in(Select prd_id from product where sub_cat_id = 14528)
-------------------------------------------------------------------------------------------------------------------------------
Time:[25-09-2014 08:15:50 am] - IP:[115.186.125.71] - User:[qc] - Browser info: [Mozilla/5.0 (Windows NT 6.1) AppleWebKit/537.36 (KHTML, like Gecko) Chrome/37.0.2062.120 Safari/537.36]
-------------------------------------------------------------------------------------------------------------------------------

Delete product association - menu_ajax.php

QUERY -- Delete from product_association where association_id = '115988' and product_id in(Select prd_id from product where sub_cat_id = 14528)
-------------------------------------------------------------------------------------------------------------------------------
Time:[25-09-2014 08:15:53 am] - IP:[115.186.125.71] - User:[qc] - Browser info: [Mozilla/5.0 (Windows NT 6.1) AppleWebKit/537.36 (KHTML, like Gecko) Chrome/37.0.2062.120 Safari/537.36]
-------------------------------------------------------------------------------------------------------------------------------

Delete product association - menu_ajax.php

QUERY -- Delete from product_association where association_id = '115952' and product_id in(Select prd_id from product where sub_cat_id = 14528)
-------------------------------------------------------------------------------------------------------------------------------
Time:[25-09-2014 08:15:56 am] - IP:[115.186.125.71] - User:[qc] - Browser info: [Mozilla/5.0 (Windows NT 6.1) AppleWebKit/537.36 (KHTML, like Gecko) Chrome/37.0.2062.120 Safari/537.36]
-------------------------------------------------------------------------------------------------------------------------------

Delete product association - menu_ajax.php

QUERY -- Delete from product_association where association_id = '115936' and product_id in(Select prd_id from product where sub_cat_id = 14528)
-------------------------------------------------------------------------------------------------------------------------------
Time:[25-09-2014 08:15:56 am] - IP:[115.186.125.71] - User:[qc] - Browser info: [Mozilla/5.0 (Windows NT 6.1) AppleWebKit/537.36 (KHTML, like Gecko) Chrome/37.0.2062.120 Safari/537.36]
-------------------------------------------------------------------------------------------------------------------------------

UPDATE product set HasAssociates=0 - menu_ajax.php

QUERY -- UPDATE product set HasAssociates=0 WHERE prd_id = 115984)
-------------------------------------------------------------------------------------------------------------------------------
Time:[25-09-2014 08:15:56 am] - IP:[115.186.125.71] - User:[qc] - Browser info: [Mozilla/5.0 (Windows NT 6.1) AppleWebKit/537.36 (KHTML, like Gecko) Chrome/37.0.2062.120 Safari/537.36]
-------------------------------------------------------------------------------------------------------------------------------

UPDATE product set HasAssociates=0 - menu_ajax.php

QUERY -- UPDATE product set HasAssociates=0 WHERE prd_id = 115985)
-------------------------------------------------------------------------------------------------------------------------------
Time:[25-09-2014 08:16:04 am] - IP:[115.186.125.71] - User:[qc] - Browser info: [Mozilla/5.0 (Windows NT 6.1) AppleWebKit/537.36 (KHTML, like Gecko) Chrome/37.0.2062.120 Safari/537.36]
-------------------------------------------------------------------------------------------------------------------------------

Add new product association - add_assoc_new.php

QUERY -- INSERT INTO product_association SET product_id = '', association_id = '115955',sortOrder = 1
-------------------------------------------------------------------------------------------------------------------------------
Time:[25-09-2014 08:16:04 am] - IP:[115.186.125.71] - User:[qc] - Browser info: [Mozilla/5.0 (Windows NT 6.1) AppleWebKit/537.36 (KHTML, like Gecko) Chrome/37.0.2062.120 Safari/537.36]
-------------------------------------------------------------------------------------------------------------------------------

Set product HasAssociates=1 - add_assoc_new.php

QUERY -- UPDATE product set HasAttributes=1 WHERE prd_id = 
-------------------------------------------------------------------------------------------------------------------------------
Time:[25-09-2014 08:16:04 am] - IP:[115.186.125.71] - User:[qc] - Browser info: [Mozilla/5.0 (Windows NT 6.1) AppleWebKit/537.36 (KHTML, like Gecko) Chrome/37.0.2062.120 Safari/537.36]
-------------------------------------------------------------------------------------------------------------------------------

Add new product association - add_assoc_new.php

QUERY -- INSERT INTO product_association SET product_id = '', association_id = '115936',sortOrder = 2
-------------------------------------------------------------------------------------------------------------------------------
Time:[25-09-2014 08:16:04 am] - IP:[115.186.125.71] - User:[qc] - Browser info: [Mozilla/5.0 (Windows NT 6.1) AppleWebKit/537.36 (KHTML, like Gecko) Chrome/37.0.2062.120 Safari/537.36]
-------------------------------------------------------------------------------------------------------------------------------

Set product HasAssociates=1 - add_assoc_new.php

QUERY -- UPDATE product set HasAttributes=1 WHERE prd_id = 
-------------------------------------------------------------------------------------------------------------------------------
Time:[25-09-2014 08:16:06 am] - IP:[115.186.125.71] - User:[qc] - Browser info: [Mozilla/5.0 (Windows NT 6.1) AppleWebKit/537.36 (KHTML, like Gecko) Chrome/37.0.2062.120 Safari/537.36]
-------------------------------------------------------------------------------------------------------------------------------

Adding new menu - menu_ajax.php

QUERY -- INSERT INTO menus SET rest_id= 182, menu_name= 'Special Deals', menu_desc= 'Special deals offered for our special client.', status= 1
-------------------------------------------------------------------------------------------------------------------------------
Time:[25-09-2014 08:16:50 am] - IP:[115.186.125.71] - User:[qc] - Browser info: [Mozilla/5.0 (Windows NT 6.1) AppleWebKit/537.36 (KHTML, like Gecko) Chrome/37.0.2062.120 Safari/537.36]
-------------------------------------------------------------------------------------------------------------------------------

Add new category - menu_ajax.php

QUERY --INSERT INTO categories SET parent_id= 182, menu_id= 1728, cat_name= 'Breakfast Deal', cat_ordering= 1, cat_des= 'Fresh Breakfast deal for our customers.'
-------------------------------------------------------------------------------------------------------------------------------
Time:[25-09-2014 08:16:50 am] - IP:[115.186.125.71] - User:[qc] - Browser info: [Mozilla/5.0 (Windows NT 6.1) AppleWebKit/537.36 (KHTML, like Gecko) Chrome/37.0.2062.120 Safari/537.36]
-------------------------------------------------------------------------------------------------------------------------------

Adding new category - menu_ajax.php

QUERY -- UPDATE menus SET Column1Count=Column1Count+1 WHERE id=1728
-------------------------------------------------------------------------------------------------------------------------------
Time:[25-09-2014 08:19:15 am] - IP:[115.186.125.71] - User:[qc] - Browser info: [Mozilla/5.0 (Windows NT 6.1) AppleWebKit/537.36 (KHTML, like Gecko) Chrome/37.0.2062.120 Safari/537.36]
-------------------------------------------------------------------------------------------------------------------------------

Add new product - menu_ajax.php

QUERY -- INSERT INTO product set cat_id = '182', sub_cat_id = 14542,item_title = 'Egg with 2 slices with butter & cheese', item_des = 'A fresh and healthy breakfast for our customers.
This deal is offered to for limited time.
Grab this opportuinity.', retail_price = '12.99', feature_sub_cat = 0,item_type='9'
-------------------------------------------------------------------------------------------------------------------------------
Time:[25-09-2014 08:19:15 am] - IP:[115.186.125.71] - User:[qc] - Browser info: [Mozilla/5.0 (Windows NT 6.1) AppleWebKit/537.36 (KHTML, like Gecko) Chrome/37.0.2062.120 Safari/537.36]
-------------------------------------------------------------------------------------------------------------------------------

Update Product Image- menu_ajax.php

QUERY -- UPDATE product set item_image = 'img_116006_prd.jpg' where prd_id = 116006
-------------------------------------------------------------------------------------------------------------------------------
Time:[25-09-2014 08:28:44 am] - IP:[115.186.125.71] - User:[qc] - Browser info: [Mozilla/5.0 (Windows NT 6.1) AppleWebKit/537.36 (KHTML, like Gecko) Chrome/37.0.2062.120 Safari/537.36]
-------------------------------------------------------------------------------------------------------------------------------

Add new attribute into new_attribute - menu_ajax.php

QUERY -- INSERT INTO new_attribute (sub_catid, option_name, Title, Price, option_display_preference, apply_sub_cat, Type, Required, OderingNO, rest_price, display_Name, `Default`, add_to_price,attr_name,extra_charge) VALUES (14542, 'Butter', 'Butter', '1.50', 0, 1, 2, 1, 1,'', 'Type your message here', 0,1,'4~Butter~1','0')
-------------------------------------------------------------------------------------------------------------------------------
Time:[25-09-2014 08:28:45 am] - IP:[115.186.125.71] - User:[qc] - Browser info: [Mozilla/5.0 (Windows NT 6.1) AppleWebKit/537.36 (KHTML, like Gecko) Chrome/37.0.2062.120 Safari/537.36]
-------------------------------------------------------------------------------------------------------------------------------

Add new attribute - menu_ajax.php

QUERY -- INSERT INTO attribute (ProductID, option_name, Title, Price, option_display_preference, apply_sub_cat, Type, Required, OderingNO, rest_price, display_Name, `Default`, add_to_price,attr_name,extra_charge) VALUES (116006, 'Butter', 'Butter', '1.50', 0, 1, 2, 1, 1,'', 'Type your message here', 0,1,'4~Butter~1',0)
-------------------------------------------------------------------------------------------------------------------------------
Time:[25-09-2014 08:28:45 am] - IP:[115.186.125.71] - User:[qc] - Browser info: [Mozilla/5.0 (Windows NT 6.1) AppleWebKit/537.36 (KHTML, like Gecko) Chrome/37.0.2062.120 Safari/537.36]
-------------------------------------------------------------------------------------------------------------------------------

Set product HasAttributes=1 - tab_add_attribute.php

QUERY -- UPDATE product set HasAttributes=1 WHERE prd_id = 116006
-------------------------------------------------------------------------------------------------------------------------------
Time:[25-09-2014 08:28:45 am] - IP:[115.186.125.71] - User:[qc] - Browser info: [Mozilla/5.0 (Windows NT 6.1) AppleWebKit/537.36 (KHTML, like Gecko) Chrome/37.0.2062.120 Safari/537.36]
-------------------------------------------------------------------------------------------------------------------------------

Add new attribute into new_attribute - menu_ajax.php

QUERY -- INSERT INTO new_attribute (sub_catid, option_name, Title, Price, option_display_preference, apply_sub_cat, Type, Required, OderingNO, rest_price, display_Name, `Default`, add_to_price,attr_name,extra_charge) VALUES (14542, 'Butter', 'Margrine', '3.00', 0, 1, 2, 1, 1,'', 'Type your message here', 0,1,'4~Butter~1','0')
-------------------------------------------------------------------------------------------------------------------------------
Time:[25-09-2014 08:28:45 am] - IP:[115.186.125.71] - User:[qc] - Browser info: [Mozilla/5.0 (Windows NT 6.1) AppleWebKit/537.36 (KHTML, like Gecko) Chrome/37.0.2062.120 Safari/537.36]
-------------------------------------------------------------------------------------------------------------------------------

Add new attribute - menu_ajax.php

QUERY -- INSERT INTO attribute (ProductID, option_name, Title, Price, option_display_preference, apply_sub_cat, Type, Required, OderingNO, rest_price, display_Name, `Default`, add_to_price,attr_name,extra_charge) VALUES (116006, 'Butter', 'Margrine', '3.00', 0, 1, 2, 1, 1,'', 'Type your message here', 0,1,'4~Butter~1',0)
-------------------------------------------------------------------------------------------------------------------------------
Time:[25-09-2014 08:28:45 am] - IP:[115.186.125.71] - User:[qc] - Browser info: [Mozilla/5.0 (Windows NT 6.1) AppleWebKit/537.36 (KHTML, like Gecko) Chrome/37.0.2062.120 Safari/537.36]
-------------------------------------------------------------------------------------------------------------------------------

Set product HasAttributes=1 - tab_add_attribute.php

QUERY -- UPDATE product set HasAttributes=1 WHERE prd_id = 116006
-------------------------------------------------------------------------------------------------------------------------------
Time:[25-09-2014 08:28:45 am] - IP:[115.186.125.71] - User:[qc] - Browser info: [Mozilla/5.0 (Windows NT 6.1) AppleWebKit/537.36 (KHTML, like Gecko) Chrome/37.0.2062.120 Safari/537.36]
-------------------------------------------------------------------------------------------------------------------------------

Add new attribute into new_attribute - menu_ajax.php

QUERY -- INSERT INTO new_attribute (sub_catid, option_name, Title, Price, option_display_preference, apply_sub_cat, Type, Required, OderingNO, rest_price, display_Name, `Default`, add_to_price,attr_name,extra_charge) VALUES (14542, 'Butter', 'Spread Butter', '2.00', 0, 1, 2, 1, 1,'', 'Type your message here', 1,1,'4~Butter~1','0')
-------------------------------------------------------------------------------------------------------------------------------
Time:[25-09-2014 08:28:45 am] - IP:[115.186.125.71] - User:[qc] - Browser info: [Mozilla/5.0 (Windows NT 6.1) AppleWebKit/537.36 (KHTML, like Gecko) Chrome/37.0.2062.120 Safari/537.36]
-------------------------------------------------------------------------------------------------------------------------------

Add new attribute - menu_ajax.php

QUERY -- INSERT INTO attribute (ProductID, option_name, Title, Price, option_display_preference, apply_sub_cat, Type, Required, OderingNO, rest_price, display_Name, `Default`, add_to_price,attr_name,extra_charge) VALUES (116006, 'Butter', 'Spread Butter', '2.00', 0, 1, 2, 1, 1,'', 'Type your message here', 1,1,'4~Butter~1',0)
-------------------------------------------------------------------------------------------------------------------------------
Time:[25-09-2014 08:28:45 am] - IP:[115.186.125.71] - User:[qc] - Browser info: [Mozilla/5.0 (Windows NT 6.1) AppleWebKit/537.36 (KHTML, like Gecko) Chrome/37.0.2062.120 Safari/537.36]
-------------------------------------------------------------------------------------------------------------------------------

Set product HasAttributes=1 - tab_add_attribute.php

QUERY -- UPDATE product set HasAttributes=1 WHERE prd_id = 116006