
-------------------------------------------------------------------------------------------------------------------------------
Time:[25-09-2014 07:34:14 am] - IP:[115.186.125.71] - User:[qc] - Browser info: [Mozilla/5.0 (Windows NT 6.1; rv:32.0) Gecko/20100101 Firefox/32.0]
-------------------------------------------------------------------------------------------------------------------------------

CHARGIFY Post Array - Update Customer

Array
(
    [customer] => Array
        (
            [first_name] => Atta
            [last_name] => Fahad
            [email] => atta@mailinator.com
            [address] => 50 West Fourth Street
            [city] => New York
            [state] => New York
            [zip] => 123456
            [country] => US
            [phone] => 12345678
        )

)

-------------------------------------------------------------------------------------------------------------------------------
Time:[25-09-2014 07:34:14 am] - IP:[115.186.125.71] - User:[qc] - Browser info: [Mozilla/5.0 (Windows NT 6.1; rv:32.0) Gecko/20100101 Firefox/32.0]
-------------------------------------------------------------------------------------------------------------------------------

CHARGIFY Response Array - Update Customer

Array
(
    [customer] => Array
        (
            [first_name] => Atta
            [last_name] => Fahad
            [email] => atta@mailinator.com
            [organization] => 
            [reference] => 
            [id] => 6413532
            [created_at] => 2014-09-24T02:03:01-04:00
            [updated_at] => 2014-09-25T03:34:14-04:00
            [address] => 50 West Fourth Street
            [address_2] => 
            [city] => New York
            [state] => New York
            [zip] => 123456
            [country] => US
            [phone] => 12345678
            [verified] => 
            [portal_customer_created_at] => 
            [portal_invite_last_sent_at] => 
            [portal_invite_last_accepted_at] => 
        )

)

-------------------------------------------------------------------------------------------------------------------------------
Time:[25-09-2014 07:44:17 am] - IP:[115.186.125.71] - User:[qc] - Browser info: [Mozilla/5.0 (Windows NT 6.1; rv:32.0) Gecko/20100101 Firefox/32.0]
-------------------------------------------------------------------------------------------------------------------------------

CHARGIFY Post Array - Create Customer

Array
(
    [customer] => Array
        (
            [first_name] => Rehman
            [last_name] => Saad
            [email] => rehman@mailinator.com
            [address] => Greece
            [city] => Greece
            [state] => Greece
            [zip] => 123456
            [country] => GR
            [phone] => 123456789
        )

)

-------------------------------------------------------------------------------------------------------------------------------
Time:[25-09-2014 07:44:17 am] - IP:[115.186.125.71] - User:[qc] - Browser info: [Mozilla/5.0 (Windows NT 6.1; rv:32.0) Gecko/20100101 Firefox/32.0]
-------------------------------------------------------------------------------------------------------------------------------

CHARGIFY Response Array - Create Customer

Array
(
    [customer] => Array
        (
            [first_name] => Rehman
            [last_name] => Saad
            [email] => rehman@mailinator.com
            [organization] => 
            [reference] => 
            [id] => 6421581
            [created_at] => 2014-09-25T03:44:17-04:00
            [updated_at] => 2014-09-25T03:44:17-04:00
            [address] => Greece
            [address_2] => 
            [city] => Greece
            [state] => Greece
            [zip] => 123456
            [country] => GR
            [phone] => 123456789
            [verified] => 
            [portal_customer_created_at] => 
            [portal_invite_last_sent_at] => 
            [portal_invite_last_accepted_at] => 
        )

)

-------------------------------------------------------------------------------------------------------------------------------
Time:[25-09-2014 07:44:17 am] - IP:[115.186.125.71] - User:[qc] - Browser info: [Mozilla/5.0 (Windows NT 6.1; rv:32.0) Gecko/20100101 Firefox/32.0]
-------------------------------------------------------------------------------------------------------------------------------

CHARGIFY Post Array - Create Reseller Subscription


-------------------------------------------------------------------------------------------------------------------------------
Time:[25-09-2014 07:44:20 am] - IP:[115.186.125.71] - User:[qc] - Browser info: [Mozilla/5.0 (Windows NT 6.1; rv:32.0) Gecko/20100101 Firefox/32.0]
-------------------------------------------------------------------------------------------------------------------------------

CHARGIFY Response Array - Get Reseller Subscription

Array
(
    [subscription] => Array
        (
            [activated_at] => 2014-09-25T03:44:19-04:00
            [balance_in_cents] => 0
            [cancel_at_end_of_period] => 
            [canceled_at] => 
            [cancellation_message] => 
            [created_at] => 2014-09-25T03:44:18-04:00
            [current_period_ends_at] => 2014-10-25T03:44:18-04:00
            [expires_at] => 
            [id] => 6560261
            [next_assessment_at] => 2014-10-25T03:44:18-04:00
            [payment_collection_method] => invoice
            [state] => active
            [trial_ended_at] => 
            [trial_started_at] => 
            [updated_at] => 2014-09-25T03:44:19-04:00
            [current_period_started_at] => 2014-09-25T03:44:18-04:00
            [previous_state] => active
            [signup_payment_id] => 69442840
            [signup_revenue] => 0.00
            [delayed_cancel_at] => 
            [coupon_code] => 
            [total_revenue_in_cents] => 0
            [product_price_in_cents] => 0
            [product_version_number] => 1
            [payment_type] => 
            [customer] => Array
                (
                    [address] => Greece
                    [address_2] => 
                    [city] => Greece
                    [country] => GR
                    [created_at] => 2014-09-25T03:44:17-04:00
                    [email] => rehman@mailinator.com
                    [first_name] => Rehman
                    [id] => 6421581
                    [last_name] => Saad
                    [organization] => 
                    [phone] => 123456789
                    [portal_customer_created_at] => 
                    [portal_invite_last_accepted_at] => 
                    [portal_invite_last_sent_at] => 
                    [reference] => 
                    [state] => Greece
                    [updated_at] => 2014-09-25T03:44:17-04:00
                    [verified] => 
                    [zip] => 123456
                )

            [product] => Array
                (
                    [accounting_code] => 
                    [archived_at] => 
                    [created_at] => 2014-03-29T17:30:34-04:00
                    [description] => For resellers and referral partners
                    [expiration_interval] => 
                    [expiration_interval_unit] => never
                    [handle] => reseller
                    [id] => 3393209
                    [initial_charge_in_cents] => 0
                    [interval] => 1
                    [interval_unit] => month
                    [name] => Reseller
                    [price_in_cents] => 0
                    [request_credit_card] => 1
                    [require_credit_card] => 
                    [return_params] => 
                    [return_url] => 
                    [taxable] => 
                    [trial_interval] => 
                    [trial_interval_unit] => month
                    [trial_price_in_cents] => 
                    [update_return_url] => 
                    [updated_at] => 2014-03-29T17:30:34-04:00
                    [product_family] => Array
                        (
                            [accounting_code] => 
                            [description] => 
                            [handle] => reseller-licensing
                            [id] => 382698
                            [name] => Reseller Licensing
                        )

                )

        )

)

-------------------------------------------------------------------------------------------------------------------------------
Time:[25-09-2014 07:46:54 am] - IP:[115.186.125.71] - User:[qc] - Browser info: [Mozilla/5.0 (Windows NT 6.1; rv:32.0) Gecko/20100101 Firefox/32.0]
-------------------------------------------------------------------------------------------------------------------------------

CHARGIFY Post Array - Create Customer

Array
(
    [customer] => Array
        (
            [first_name] => Uzair
            [last_name] => Rehman
            [email] => uzair@mailinator.com
            [address] => Zimbabwe
            [city] => Zimbabwe
            [state] => Zimbabwe
            [zip] => 123456
            [country] => ZW
            [phone] => 
        )

)

-------------------------------------------------------------------------------------------------------------------------------
Time:[25-09-2014 07:46:54 am] - IP:[115.186.125.71] - User:[qc] - Browser info: [Mozilla/5.0 (Windows NT 6.1; rv:32.0) Gecko/20100101 Firefox/32.0]
-------------------------------------------------------------------------------------------------------------------------------

CHARGIFY Response Array - Create Customer

Array
(
    [customer] => Array
        (
            [first_name] => Uzair
            [last_name] => Rehman
            [email] => uzair@mailinator.com
            [organization] => 
            [reference] => 
            [id] => 6421588
            [created_at] => 2014-09-25T03:46:54-04:00
            [updated_at] => 2014-09-25T03:46:54-04:00
            [address] => Zimbabwe
            [address_2] => 
            [city] => Zimbabwe
            [state] => Zimbabwe
            [zip] => 123456
            [country] => ZW
            [phone] => 
            [verified] => 
            [portal_customer_created_at] => 
            [portal_invite_last_sent_at] => 
            [portal_invite_last_accepted_at] => 
        )

)

-------------------------------------------------------------------------------------------------------------------------------
Time:[25-09-2014 07:47:59 am] - IP:[115.186.125.71] - User:[qc] - Browser info: [Mozilla/5.0 (Windows NT 6.1; rv:32.0) Gecko/20100101 Firefox/32.0]
-------------------------------------------------------------------------------------------------------------------------------

CHARGIFY Post Array - Get Product Url

https://easyway-ordering.chargify.com/products/3324722.json
-------------------------------------------------------------------------------------------------------------------------------
Time:[25-09-2014 07:47:59 am] - IP:[115.186.125.71] - User:[qc] - Browser info: [Mozilla/5.0 (Windows NT 6.1; rv:32.0) Gecko/20100101 Firefox/32.0]
-------------------------------------------------------------------------------------------------------------------------------

CHARGIFY Response Array - Get Product

Array
(
    [product] => Array
        (
            [accounting_code] => 
            [archived_at] => 
            [created_at] => 2013-07-29T17:59:21-04:00
            [description] => Monthly unlimited order, flat rate subscription with 30 day free trial.  Cancel any time.  
            [expiration_interval] => 
            [expiration_interval_unit] => never
            [handle] => easyway-ordering-month-to-month-subscription
            [id] => 3324722
            [initial_charge_in_cents] => 0
            [interval] => 1
            [interval_unit] => month
            [name] => EasyWay Ordering month-to-month subscription
            [price_in_cents] => 6900
            [request_credit_card] => 1
            [require_credit_card] => 1
            [return_params] => subscription_id={subscription_id}&customer_id={customer_id}&product_id={product_id}
            [return_url] => http://easywayordering.com/self-signup-wizard/index.php
            [taxable] => 
            [trial_interval] => 30
            [trial_interval_unit] => day
            [trial_price_in_cents] => 0
            [update_return_url] => http://easywayordering.com/self-signup-wizard/handle_update_payment.php
            [updated_at] => 2014-01-06T10:25:23-05:00
            [product_family] => Array
                (
                    [accounting_code] => 
                    [description] => in house sales
                    [handle] => easyway-ordering-monthly
                    [id] => 352699
                    [name] => EasyWay Ordering Direct
                )

        )

)

-------------------------------------------------------------------------------------------------------------------------------
Time:[25-09-2014 07:47:59 am] - IP:[115.186.125.71] - User:[qc] - Browser info: [Mozilla/5.0 (Windows NT 6.1; rv:32.0) Gecko/20100101 Firefox/32.0]
-------------------------------------------------------------------------------------------------------------------------------

CHARGIFY Post Array - Get Product Url

https://easyway-ordering.chargify.com/products/3353278.json
-------------------------------------------------------------------------------------------------------------------------------
Time:[25-09-2014 07:48:00 am] - IP:[115.186.125.71] - User:[qc] - Browser info: [Mozilla/5.0 (Windows NT 6.1; rv:32.0) Gecko/20100101 Firefox/32.0]
-------------------------------------------------------------------------------------------------------------------------------

CHARGIFY Response Array - Get Product

Array
(
    [product] => Array
        (
            [accounting_code] => 
            [archived_at] => 
            [created_at] => 2013-11-08T15:25:56-05:00
            [description] => Includes Reputation Intelligence and Review Boost
            [expiration_interval] => 
            [expiration_interval_unit] => never
            [handle] => easyway-ordering-professional-package
            [id] => 3353278
            [initial_charge_in_cents] => 
            [interval] => 1
            [interval_unit] => month
            [name] => EasyWay Ordering Professional Package
            [price_in_cents] => 12900
            [request_credit_card] => 1
            [require_credit_card] => 1
            [return_params] => subscription_id={subscription_id}&customer_id={customer_id}&product_id={product_id}
            [return_url] => http://easywayordering.com/self-signup-wizard/index.php
            [taxable] => 
            [trial_interval] => 1
            [trial_interval_unit] => month
            [trial_price_in_cents] => 0
            [update_return_url] => http://easywayordering.com/self-signup-wizard/handle_update_payment.php
            [updated_at] => 2014-01-13T14:23:23-05:00
            [product_family] => Array
                (
                    [accounting_code] => 
                    [description] => in house sales
                    [handle] => easyway-ordering-monthly
                    [id] => 352699
                    [name] => EasyWay Ordering Direct
                )

        )

)

-------------------------------------------------------------------------------------------------------------------------------
Time:[25-09-2014 07:48:03 am] - IP:[115.186.125.71] - User:[qc] - Browser info: [Mozilla/5.0 (Windows NT 6.1; rv:32.0) Gecko/20100101 Firefox/32.0]
-------------------------------------------------------------------------------------------------------------------------------

CHARGIFY Post Array - Get Product Url

https://easyway-ordering.chargify.com/products/3324722.json
-------------------------------------------------------------------------------------------------------------------------------
Time:[25-09-2014 07:48:04 am] - IP:[115.186.125.71] - User:[qc] - Browser info: [Mozilla/5.0 (Windows NT 6.1; rv:32.0) Gecko/20100101 Firefox/32.0]
-------------------------------------------------------------------------------------------------------------------------------

CHARGIFY Response Array - Get Product

Array
(
    [product] => Array
        (
            [accounting_code] => 
            [archived_at] => 
            [created_at] => 2013-07-29T17:59:21-04:00
            [description] => Monthly unlimited order, flat rate subscription with 30 day free trial.  Cancel any time.  
            [expiration_interval] => 
            [expiration_interval_unit] => never
            [handle] => easyway-ordering-month-to-month-subscription
            [id] => 3324722
            [initial_charge_in_cents] => 0
            [interval] => 1
            [interval_unit] => month
            [name] => EasyWay Ordering month-to-month subscription
            [price_in_cents] => 6900
            [request_credit_card] => 1
            [require_credit_card] => 1
            [return_params] => subscription_id={subscription_id}&customer_id={customer_id}&product_id={product_id}
            [return_url] => http://easywayordering.com/self-signup-wizard/index.php
            [taxable] => 
            [trial_interval] => 30
            [trial_interval_unit] => day
            [trial_price_in_cents] => 0
            [update_return_url] => http://easywayordering.com/self-signup-wizard/handle_update_payment.php
            [updated_at] => 2014-01-06T10:25:23-05:00
            [product_family] => Array
                (
                    [accounting_code] => 
                    [description] => in house sales
                    [handle] => easyway-ordering-monthly
                    [id] => 352699
                    [name] => EasyWay Ordering Direct
                )

        )

)

-------------------------------------------------------------------------------------------------------------------------------
Time:[25-09-2014 07:48:04 am] - IP:[115.186.125.71] - User:[qc] - Browser info: [Mozilla/5.0 (Windows NT 6.1; rv:32.0) Gecko/20100101 Firefox/32.0]
-------------------------------------------------------------------------------------------------------------------------------

CHARGIFY Post Array - Get Product Url

https://easyway-ordering.chargify.com/products/3353278.json
-------------------------------------------------------------------------------------------------------------------------------
Time:[25-09-2014 07:48:04 am] - IP:[115.186.125.71] - User:[qc] - Browser info: [Mozilla/5.0 (Windows NT 6.1; rv:32.0) Gecko/20100101 Firefox/32.0]
-------------------------------------------------------------------------------------------------------------------------------

CHARGIFY Response Array - Get Product

Array
(
    [product] => Array
        (
            [accounting_code] => 
            [archived_at] => 
            [created_at] => 2013-11-08T15:25:56-05:00
            [description] => Includes Reputation Intelligence and Review Boost
            [expiration_interval] => 
            [expiration_interval_unit] => never
            [handle] => easyway-ordering-professional-package
            [id] => 3353278
            [initial_charge_in_cents] => 
            [interval] => 1
            [interval_unit] => month
            [name] => EasyWay Ordering Professional Package
            [price_in_cents] => 12900
            [request_credit_card] => 1
            [require_credit_card] => 1
            [return_params] => subscription_id={subscription_id}&customer_id={customer_id}&product_id={product_id}
            [return_url] => http://easywayordering.com/self-signup-wizard/index.php
            [taxable] => 
            [trial_interval] => 1
            [trial_interval_unit] => month
            [trial_price_in_cents] => 0
            [update_return_url] => http://easywayordering.com/self-signup-wizard/handle_update_payment.php
            [updated_at] => 2014-01-13T14:23:23-05:00
            [product_family] => Array
                (
                    [accounting_code] => 
                    [description] => in house sales
                    [handle] => easyway-ordering-monthly
                    [id] => 352699
                    [name] => EasyWay Ordering Direct
                )

        )

)

-------------------------------------------------------------------------------------------------------------------------------
Time:[25-09-2014 07:48:06 am] - IP:[115.186.125.71] - User:[qc] - Browser info: [Mozilla/5.0 (Windows NT 6.1; rv:32.0) Gecko/20100101 Firefox/32.0]
-------------------------------------------------------------------------------------------------------------------------------

CHARGIFY Post Array - Get Product Url

https://easyway-ordering.chargify.com/products/3324722.json
-------------------------------------------------------------------------------------------------------------------------------
Time:[25-09-2014 07:48:06 am] - IP:[115.186.125.71] - User:[qc] - Browser info: [Mozilla/5.0 (Windows NT 6.1; rv:32.0) Gecko/20100101 Firefox/32.0]
-------------------------------------------------------------------------------------------------------------------------------

CHARGIFY Response Array - Get Product

Array
(
    [product] => Array
        (
            [accounting_code] => 
            [archived_at] => 
            [created_at] => 2013-07-29T17:59:21-04:00
            [description] => Monthly unlimited order, flat rate subscription with 30 day free trial.  Cancel any time.  
            [expiration_interval] => 
            [expiration_interval_unit] => never
            [handle] => easyway-ordering-month-to-month-subscription
            [id] => 3324722
            [initial_charge_in_cents] => 0
            [interval] => 1
            [interval_unit] => month
            [name] => EasyWay Ordering month-to-month subscription
            [price_in_cents] => 6900
            [request_credit_card] => 1
            [require_credit_card] => 1
            [return_params] => subscription_id={subscription_id}&customer_id={customer_id}&product_id={product_id}
            [return_url] => http://easywayordering.com/self-signup-wizard/index.php
            [taxable] => 
            [trial_interval] => 30
            [trial_interval_unit] => day
            [trial_price_in_cents] => 0
            [update_return_url] => http://easywayordering.com/self-signup-wizard/handle_update_payment.php
            [updated_at] => 2014-01-06T10:25:23-05:00
            [product_family] => Array
                (
                    [accounting_code] => 
                    [description] => in house sales
                    [handle] => easyway-ordering-monthly
                    [id] => 352699
                    [name] => EasyWay Ordering Direct
                )

        )

)

-------------------------------------------------------------------------------------------------------------------------------
Time:[25-09-2014 07:48:06 am] - IP:[115.186.125.71] - User:[qc] - Browser info: [Mozilla/5.0 (Windows NT 6.1; rv:32.0) Gecko/20100101 Firefox/32.0]
-------------------------------------------------------------------------------------------------------------------------------

CHARGIFY Post Array - Get Product Url

https://easyway-ordering.chargify.com/products/3353278.json
-------------------------------------------------------------------------------------------------------------------------------
Time:[25-09-2014 07:48:07 am] - IP:[115.186.125.71] - User:[qc] - Browser info: [Mozilla/5.0 (Windows NT 6.1; rv:32.0) Gecko/20100101 Firefox/32.0]
-------------------------------------------------------------------------------------------------------------------------------

CHARGIFY Response Array - Get Product

Array
(
    [product] => Array
        (
            [accounting_code] => 
            [archived_at] => 
            [created_at] => 2013-11-08T15:25:56-05:00
            [description] => Includes Reputation Intelligence and Review Boost
            [expiration_interval] => 
            [expiration_interval_unit] => never
            [handle] => easyway-ordering-professional-package
            [id] => 3353278
            [initial_charge_in_cents] => 
            [interval] => 1
            [interval_unit] => month
            [name] => EasyWay Ordering Professional Package
            [price_in_cents] => 12900
            [request_credit_card] => 1
            [require_credit_card] => 1
            [return_params] => subscription_id={subscription_id}&customer_id={customer_id}&product_id={product_id}
            [return_url] => http://easywayordering.com/self-signup-wizard/index.php
            [taxable] => 
            [trial_interval] => 1
            [trial_interval_unit] => month
            [trial_price_in_cents] => 0
            [update_return_url] => http://easywayordering.com/self-signup-wizard/handle_update_payment.php
            [updated_at] => 2014-01-13T14:23:23-05:00
            [product_family] => Array
                (
                    [accounting_code] => 
                    [description] => in house sales
                    [handle] => easyway-ordering-monthly
                    [id] => 352699
                    [name] => EasyWay Ordering Direct
                )

        )

)

-------------------------------------------------------------------------------------------------------------------------------
Time:[25-09-2014 07:49:06 am] - IP:[115.186.125.71] - User:[qc] - Browser info: [Mozilla/5.0 (Windows NT 6.1; rv:32.0) Gecko/20100101 Firefox/32.0]
-------------------------------------------------------------------------------------------------------------------------------

CHARGIFY Post Array - Create Subscription


-------------------------------------------------------------------------------------------------------------------------------
Time:[25-09-2014 07:49:07 am] - IP:[115.186.125.71] - User:[qc] - Browser info: [Mozilla/5.0 (Windows NT 6.1; rv:32.0) Gecko/20100101 Firefox/32.0]
-------------------------------------------------------------------------------------------------------------------------------

CHARGIFY Response Array - Create Subscription

Array
(
    [subscription] => Array
        (
            [activated_at] => 
            [balance_in_cents] => 0
            [cancel_at_end_of_period] => 
            [canceled_at] => 
            [cancellation_message] => 
            [created_at] => 2014-09-25T03:49:06-04:00
            [current_period_ends_at] => 2014-10-25T03:49:06-04:00
            [expires_at] => 
            [id] => 6560271
            [next_assessment_at] => 2014-10-25T03:49:06-04:00
            [payment_collection_method] => invoice
            [state] => trialing
            [trial_ended_at] => 2014-10-25T03:49:06-04:00
            [trial_started_at] => 2014-09-25T03:49:06-04:00
            [updated_at] => 2014-09-25T03:49:07-04:00
            [current_period_started_at] => 2014-09-25T03:49:06-04:00
            [previous_state] => trialing
            [signup_payment_id] => 69442887
            [signup_revenue] => 0.00
            [delayed_cancel_at] => 
            [coupon_code] => 
            [total_revenue_in_cents] => 0
            [product_price_in_cents] => 6900
            [product_version_number] => 2
            [payment_type] => 
            [customer] => Array
                (
                    [address] => Zimbabwe
                    [address_2] => 
                    [city] => Zimbabwe
                    [country] => ZW
                    [created_at] => 2014-09-25T03:46:54-04:00
                    [email] => uzair@mailinator.com
                    [first_name] => Uzair
                    [id] => 6421588
                    [last_name] => Rehman
                    [organization] => 
                    [phone] => 
                    [portal_customer_created_at] => 
                    [portal_invite_last_accepted_at] => 
                    [portal_invite_last_sent_at] => 
                    [reference] => 
                    [state] => Zimbabwe
                    [updated_at] => 2014-09-25T03:46:54-04:00
                    [verified] => 
                    [zip] => 123456
                )

            [product] => Array
                (
                    [accounting_code] => 
                    [archived_at] => 
                    [created_at] => 2013-07-29T17:59:21-04:00
                    [description] => Monthly unlimited order, flat rate subscription with 30 day free trial.  Cancel any time.  
                    [expiration_interval] => 
                    [expiration_interval_unit] => never
                    [handle] => easyway-ordering-month-to-month-subscription
                    [id] => 3324722
                    [initial_charge_in_cents] => 0
                    [interval] => 1
                    [interval_unit] => month
                    [name] => EasyWay Ordering month-to-month subscription
                    [price_in_cents] => 6900
                    [request_credit_card] => 1
                    [require_credit_card] => 1
                    [return_params] => subscription_id={subscription_id}&customer_id={customer_id}&product_id={product_id}
                    [return_url] => http://easywayordering.com/self-signup-wizard/index.php
                    [taxable] => 
                    [trial_interval] => 30
                    [trial_interval_unit] => day
                    [trial_price_in_cents] => 0
                    [update_return_url] => http://easywayordering.com/self-signup-wizard/handle_update_payment.php
                    [updated_at] => 2014-01-06T10:25:23-05:00
                    [product_family] => Array
                        (
                            [accounting_code] => 
                            [description] => in house sales
                            [handle] => easyway-ordering-monthly
                            [id] => 352699
                            [name] => EasyWay Ordering Direct
                        )

                )

        )

)

-------------------------------------------------------------------------------------------------------------------------------
Time:[25-09-2014 07:49:10 am] - IP:[115.186.125.71] - User:[qc] - Browser info: [Mozilla/5.0 (Windows NT 6.1; rv:32.0) Gecko/20100101 Firefox/32.0]
-------------------------------------------------------------------------------------------------------------------------------

CHARGIFY Post Array - Get Allocation Quantity URL

https://easyway-ordering.chargify.com/subscriptions/6560261/components/35267/allocations.json
-------------------------------------------------------------------------------------------------------------------------------
Time:[25-09-2014 07:49:11 am] - IP:[115.186.125.71] - User:[qc] - Browser info: [Mozilla/5.0 (Windows NT 6.1; rv:32.0) Gecko/20100101 Firefox/32.0]
-------------------------------------------------------------------------------------------------------------------------------

CHARGIFY Response Array - Get Allocation Quantity

Array
(
)

-------------------------------------------------------------------------------------------------------------------------------
Time:[25-09-2014 07:49:11 am] - IP:[115.186.125.71] - User:[qc] - Browser info: [Mozilla/5.0 (Windows NT 6.1; rv:32.0) Gecko/20100101 Firefox/32.0]
-------------------------------------------------------------------------------------------------------------------------------

CHARGIFY Post Array - Allocation Quantity URL: \nhttps://easyway-ordering.chargify.com/subscriptions/6560261/components/35267/allocations.json

Array
(
    [allocation] => Array
        (
            [proration_upgrade_scheme] => prorate-delay-capture
            [quantity] => 1
        )

)

-------------------------------------------------------------------------------------------------------------------------------
Time:[25-09-2014 07:49:11 am] - IP:[115.186.125.71] - User:[qc] - Browser info: [Mozilla/5.0 (Windows NT 6.1; rv:32.0) Gecko/20100101 Firefox/32.0]
-------------------------------------------------------------------------------------------------------------------------------

CHARGIFY Response Array - Allocation Quantity

Array
(
    [allocation] => Array
        (
            [component_id] => 35267
            [subscription_id] => 6560261
            [quantity] => 1
            [previous_quantity] => 0
            [memo] => 
            [timestamp] => 2014-09-25T07:49:11Z
            [proration_upgrade_scheme] => prorate-delay-capture
            [proration_downgrade_scheme] => no-prorate
        )

)

-------------------------------------------------------------------------------------------------------------------------------
Time:[25-09-2014 07:49:11 am] - IP:[115.186.125.71] - User:[qc] - Browser info: [Mozilla/5.0 (Windows NT 6.1; rv:32.0) Gecko/20100101 Firefox/32.0]
-------------------------------------------------------------------------------------------------------------------------------

Add restaurant business hours - tab_resturant_add.php

QUERY --INSERT INTO business_hours 
					SET rest_id = '0'
						,day= '0'
						,open='0800'
						,close='1700'
-------------------------------------------------------------------------------------------------------------------------------
Time:[25-09-2014 07:49:11 am] - IP:[115.186.125.71] - User:[qc] - Browser info: [Mozilla/5.0 (Windows NT 6.1; rv:32.0) Gecko/20100101 Firefox/32.0]
-------------------------------------------------------------------------------------------------------------------------------

Add restaurant business hours - tab_resturant_add.php

QUERY --INSERT INTO business_hours 
					SET rest_id = '0'
						,day= '1'
						,open='0800'
						,close='1700'
-------------------------------------------------------------------------------------------------------------------------------
Time:[25-09-2014 07:49:11 am] - IP:[115.186.125.71] - User:[qc] - Browser info: [Mozilla/5.0 (Windows NT 6.1; rv:32.0) Gecko/20100101 Firefox/32.0]
-------------------------------------------------------------------------------------------------------------------------------

Add restaurant business hours - tab_resturant_add.php

QUERY --INSERT INTO business_hours 
					SET rest_id = '0'
						,day= '2'
						,open='0800'
						,close='1700'
-------------------------------------------------------------------------------------------------------------------------------
Time:[25-09-2014 07:49:11 am] - IP:[115.186.125.71] - User:[qc] - Browser info: [Mozilla/5.0 (Windows NT 6.1; rv:32.0) Gecko/20100101 Firefox/32.0]
-------------------------------------------------------------------------------------------------------------------------------

Add restaurant business hours - tab_resturant_add.php

QUERY --INSERT INTO business_hours 
					SET rest_id = '0'
						,day= '3'
						,open='0800'
						,close='1700'
-------------------------------------------------------------------------------------------------------------------------------
Time:[25-09-2014 07:49:11 am] - IP:[115.186.125.71] - User:[qc] - Browser info: [Mozilla/5.0 (Windows NT 6.1; rv:32.0) Gecko/20100101 Firefox/32.0]
-------------------------------------------------------------------------------------------------------------------------------

Add restaurant business hours - tab_resturant_add.php

QUERY --INSERT INTO business_hours 
					SET rest_id = '0'
						,day= '4'
						,open='0800'
						,close='1700'
-------------------------------------------------------------------------------------------------------------------------------
Time:[25-09-2014 07:49:11 am] - IP:[115.186.125.71] - User:[qc] - Browser info: [Mozilla/5.0 (Windows NT 6.1; rv:32.0) Gecko/20100101 Firefox/32.0]
-------------------------------------------------------------------------------------------------------------------------------

Add restaurant business hours - tab_resturant_add.php

QUERY --INSERT INTO business_hours 
					SET rest_id = '0'
						,day= '5'
						,open='0800'
						,close='1700'
-------------------------------------------------------------------------------------------------------------------------------
Time:[25-09-2014 07:49:11 am] - IP:[115.186.125.71] - User:[qc] - Browser info: [Mozilla/5.0 (Windows NT 6.1; rv:32.0) Gecko/20100101 Firefox/32.0]
-------------------------------------------------------------------------------------------------------------------------------

Add restaurant business hours - tab_resturant_add.php

QUERY --INSERT INTO business_hours 
					SET rest_id = '0'
						,day= '6'
						,open='0800'
						,close='1700'
-------------------------------------------------------------------------------------------------------------------------------
Time:[25-09-2014 07:51:35 am] - IP:[115.186.125.71] - User:[qc] - Browser info: [Mozilla/5.0 (Windows NT 6.1; rv:32.0) Gecko/20100101 Firefox/32.0]
-------------------------------------------------------------------------------------------------------------------------------

CHARGIFY Post Array - Get Product Url

https://easyway-ordering.chargify.com/products/3324722.json
-------------------------------------------------------------------------------------------------------------------------------
Time:[25-09-2014 07:51:35 am] - IP:[115.186.125.71] - User:[qc] - Browser info: [Mozilla/5.0 (Windows NT 6.1; rv:32.0) Gecko/20100101 Firefox/32.0]
-------------------------------------------------------------------------------------------------------------------------------

CHARGIFY Response Array - Get Product

Array
(
    [product] => Array
        (
            [accounting_code] => 
            [archived_at] => 
            [created_at] => 2013-07-29T17:59:21-04:00
            [description] => Monthly unlimited order, flat rate subscription with 30 day free trial.  Cancel any time.  
            [expiration_interval] => 
            [expiration_interval_unit] => never
            [handle] => easyway-ordering-month-to-month-subscription
            [id] => 3324722
            [initial_charge_in_cents] => 0
            [interval] => 1
            [interval_unit] => month
            [name] => EasyWay Ordering month-to-month subscription
            [price_in_cents] => 6900
            [request_credit_card] => 1
            [require_credit_card] => 1
            [return_params] => subscription_id={subscription_id}&customer_id={customer_id}&product_id={product_id}
            [return_url] => http://easywayordering.com/self-signup-wizard/index.php
            [taxable] => 
            [trial_interval] => 30
            [trial_interval_unit] => day
            [trial_price_in_cents] => 0
            [update_return_url] => http://easywayordering.com/self-signup-wizard/handle_update_payment.php
            [updated_at] => 2014-01-06T10:25:23-05:00
            [product_family] => Array
                (
                    [accounting_code] => 
                    [description] => in house sales
                    [handle] => easyway-ordering-monthly
                    [id] => 352699
                    [name] => EasyWay Ordering Direct
                )

        )

)

-------------------------------------------------------------------------------------------------------------------------------
Time:[25-09-2014 07:51:35 am] - IP:[115.186.125.71] - User:[qc] - Browser info: [Mozilla/5.0 (Windows NT 6.1; rv:32.0) Gecko/20100101 Firefox/32.0]
-------------------------------------------------------------------------------------------------------------------------------

CHARGIFY Post Array - Get Product Url

https://easyway-ordering.chargify.com/products/3353278.json
-------------------------------------------------------------------------------------------------------------------------------
Time:[25-09-2014 07:51:36 am] - IP:[115.186.125.71] - User:[qc] - Browser info: [Mozilla/5.0 (Windows NT 6.1; rv:32.0) Gecko/20100101 Firefox/32.0]
-------------------------------------------------------------------------------------------------------------------------------

CHARGIFY Response Array - Get Product

Array
(
    [product] => Array
        (
            [accounting_code] => 
            [archived_at] => 
            [created_at] => 2013-11-08T15:25:56-05:00
            [description] => Includes Reputation Intelligence and Review Boost
            [expiration_interval] => 
            [expiration_interval_unit] => never
            [handle] => easyway-ordering-professional-package
            [id] => 3353278
            [initial_charge_in_cents] => 
            [interval] => 1
            [interval_unit] => month
            [name] => EasyWay Ordering Professional Package
            [price_in_cents] => 12900
            [request_credit_card] => 1
            [require_credit_card] => 1
            [return_params] => subscription_id={subscription_id}&customer_id={customer_id}&product_id={product_id}
            [return_url] => http://easywayordering.com/self-signup-wizard/index.php
            [taxable] => 
            [trial_interval] => 1
            [trial_interval_unit] => month
            [trial_price_in_cents] => 0
            [update_return_url] => http://easywayordering.com/self-signup-wizard/handle_update_payment.php
            [updated_at] => 2014-01-13T14:23:23-05:00
            [product_family] => Array
                (
                    [accounting_code] => 
                    [description] => in house sales
                    [handle] => easyway-ordering-monthly
                    [id] => 352699
                    [name] => EasyWay Ordering Direct
                )

        )

)

-------------------------------------------------------------------------------------------------------------------------------
Time:[25-09-2014 07:52:18 am] - IP:[115.186.125.71] - User:[qc] - Browser info: [Mozilla/5.0 (Windows NT 6.1; rv:32.0) Gecko/20100101 Firefox/32.0]
-------------------------------------------------------------------------------------------------------------------------------

CHARGIFY Post Array - Create Subscription


-------------------------------------------------------------------------------------------------------------------------------
Time:[25-09-2014 07:52:20 am] - IP:[115.186.125.71] - User:[qc] - Browser info: [Mozilla/5.0 (Windows NT 6.1; rv:32.0) Gecko/20100101 Firefox/32.0]
-------------------------------------------------------------------------------------------------------------------------------

CHARGIFY Response Array - Create Subscription

Array
(
    [subscription] => Array
        (
            [activated_at] => 
            [balance_in_cents] => 0
            [cancel_at_end_of_period] => 
            [canceled_at] => 
            [cancellation_message] => 
            [created_at] => 2014-09-25T03:52:18-04:00
            [current_period_ends_at] => 2014-10-25T03:52:18-04:00
            [expires_at] => 
            [id] => 6560280
            [next_assessment_at] => 2014-10-25T03:52:18-04:00
            [payment_collection_method] => invoice
            [state] => trialing
            [trial_ended_at] => 2014-10-25T03:52:18-04:00
            [trial_started_at] => 2014-09-25T03:52:18-04:00
            [updated_at] => 2014-09-25T03:52:19-04:00
            [current_period_started_at] => 2014-09-25T03:52:18-04:00
            [previous_state] => trialing
            [signup_payment_id] => 69442907
            [signup_revenue] => 0.00
            [delayed_cancel_at] => 
            [coupon_code] => 
            [total_revenue_in_cents] => 0
            [product_price_in_cents] => 6900
            [product_version_number] => 2
            [payment_type] => 
            [customer] => Array
                (
                    [address] => Zimbabwe
                    [address_2] => 
                    [city] => Zimbabwe
                    [country] => ZW
                    [created_at] => 2014-09-25T03:46:54-04:00
                    [email] => uzair@mailinator.com
                    [first_name] => Uzair
                    [id] => 6421588
                    [last_name] => Rehman
                    [organization] => 
                    [phone] => 
                    [portal_customer_created_at] => 
                    [portal_invite_last_accepted_at] => 
                    [portal_invite_last_sent_at] => 
                    [reference] => 
                    [state] => Zimbabwe
                    [updated_at] => 2014-09-25T03:46:54-04:00
                    [verified] => 
                    [zip] => 123456
                )

            [product] => Array
                (
                    [accounting_code] => 
                    [archived_at] => 
                    [created_at] => 2013-07-29T17:59:21-04:00
                    [description] => Monthly unlimited order, flat rate subscription with 30 day free trial.  Cancel any time.  
                    [expiration_interval] => 
                    [expiration_interval_unit] => never
                    [handle] => easyway-ordering-month-to-month-subscription
                    [id] => 3324722
                    [initial_charge_in_cents] => 0
                    [interval] => 1
                    [interval_unit] => month
                    [name] => EasyWay Ordering month-to-month subscription
                    [price_in_cents] => 6900
                    [request_credit_card] => 1
                    [require_credit_card] => 1
                    [return_params] => subscription_id={subscription_id}&customer_id={customer_id}&product_id={product_id}
                    [return_url] => http://easywayordering.com/self-signup-wizard/index.php
                    [taxable] => 
                    [trial_interval] => 30
                    [trial_interval_unit] => day
                    [trial_price_in_cents] => 0
                    [update_return_url] => http://easywayordering.com/self-signup-wizard/handle_update_payment.php
                    [updated_at] => 2014-01-06T10:25:23-05:00
                    [product_family] => Array
                        (
                            [accounting_code] => 
                            [description] => in house sales
                            [handle] => easyway-ordering-monthly
                            [id] => 352699
                            [name] => EasyWay Ordering Direct
                        )

                )

        )

)

-------------------------------------------------------------------------------------------------------------------------------
Time:[25-09-2014 07:52:23 am] - IP:[115.186.125.71] - User:[qc] - Browser info: [Mozilla/5.0 (Windows NT 6.1; rv:32.0) Gecko/20100101 Firefox/32.0]
-------------------------------------------------------------------------------------------------------------------------------

CHARGIFY Post Array - Get Allocation Quantity URL

https://easyway-ordering.chargify.com/subscriptions/6560261/components/35267/allocations.json
-------------------------------------------------------------------------------------------------------------------------------
Time:[25-09-2014 07:52:23 am] - IP:[115.186.125.71] - User:[qc] - Browser info: [Mozilla/5.0 (Windows NT 6.1; rv:32.0) Gecko/20100101 Firefox/32.0]
-------------------------------------------------------------------------------------------------------------------------------

CHARGIFY Response Array - Get Allocation Quantity

Array
(
    [0] => Array
        (
            [allocation] => Array
                (
                    [component_id] => 35267
                    [subscription_id] => 6560261
                    [quantity] => 1
                    [previous_quantity] => 0
                    [memo] => 
                    [timestamp] => 2014-09-25T07:49:11Z
                    [proration_upgrade_scheme] => prorate-delay-capture
                    [proration_downgrade_scheme] => no-prorate
                )

        )

)

-------------------------------------------------------------------------------------------------------------------------------
Time:[25-09-2014 07:52:23 am] - IP:[115.186.125.71] - User:[qc] - Browser info: [Mozilla/5.0 (Windows NT 6.1; rv:32.0) Gecko/20100101 Firefox/32.0]
-------------------------------------------------------------------------------------------------------------------------------

CHARGIFY Post Array - Allocation Quantity URL: \nhttps://easyway-ordering.chargify.com/subscriptions/6560261/components/35267/allocations.json

Array
(
    [allocation] => Array
        (
            [proration_upgrade_scheme] => prorate-delay-capture
            [quantity] => 2
        )

)

-------------------------------------------------------------------------------------------------------------------------------
Time:[25-09-2014 07:52:24 am] - IP:[115.186.125.71] - User:[qc] - Browser info: [Mozilla/5.0 (Windows NT 6.1; rv:32.0) Gecko/20100101 Firefox/32.0]
-------------------------------------------------------------------------------------------------------------------------------

CHARGIFY Response Array - Allocation Quantity

Array
(
    [allocation] => Array
        (
            [component_id] => 35267
            [subscription_id] => 6560261
            [quantity] => 2
            [previous_quantity] => 1
            [memo] => 
            [timestamp] => 2014-09-25T07:52:24Z
            [proration_upgrade_scheme] => prorate-delay-capture
            [proration_downgrade_scheme] => no-prorate
        )

)

-------------------------------------------------------------------------------------------------------------------------------
Time:[25-09-2014 07:52:24 am] - IP:[115.186.125.71] - User:[qc] - Browser info: [Mozilla/5.0 (Windows NT 6.1; rv:32.0) Gecko/20100101 Firefox/32.0]
-------------------------------------------------------------------------------------------------------------------------------

Add restaurant business hours - tab_resturant_add.php

QUERY --INSERT INTO business_hours 
					SET rest_id = '0'
						,day= '0'
						,open='0800'
						,close='1700'
-------------------------------------------------------------------------------------------------------------------------------
Time:[25-09-2014 07:52:24 am] - IP:[115.186.125.71] - User:[qc] - Browser info: [Mozilla/5.0 (Windows NT 6.1; rv:32.0) Gecko/20100101 Firefox/32.0]
-------------------------------------------------------------------------------------------------------------------------------

Add restaurant business hours - tab_resturant_add.php

QUERY --INSERT INTO business_hours 
					SET rest_id = '0'
						,day= '1'
						,open='0800'
						,close='1700'
-------------------------------------------------------------------------------------------------------------------------------
Time:[25-09-2014 07:52:24 am] - IP:[115.186.125.71] - User:[qc] - Browser info: [Mozilla/5.0 (Windows NT 6.1; rv:32.0) Gecko/20100101 Firefox/32.0]
-------------------------------------------------------------------------------------------------------------------------------

Add restaurant business hours - tab_resturant_add.php

QUERY --INSERT INTO business_hours 
					SET rest_id = '0'
						,day= '2'
						,open='0800'
						,close='1700'
-------------------------------------------------------------------------------------------------------------------------------
Time:[25-09-2014 07:52:24 am] - IP:[115.186.125.71] - User:[qc] - Browser info: [Mozilla/5.0 (Windows NT 6.1; rv:32.0) Gecko/20100101 Firefox/32.0]
-------------------------------------------------------------------------------------------------------------------------------

Add restaurant business hours - tab_resturant_add.php

QUERY --INSERT INTO business_hours 
					SET rest_id = '0'
						,day= '3'
						,open='0800'
						,close='1700'
-------------------------------------------------------------------------------------------------------------------------------
Time:[25-09-2014 07:52:24 am] - IP:[115.186.125.71] - User:[qc] - Browser info: [Mozilla/5.0 (Windows NT 6.1; rv:32.0) Gecko/20100101 Firefox/32.0]
-------------------------------------------------------------------------------------------------------------------------------

Add restaurant business hours - tab_resturant_add.php

QUERY --INSERT INTO business_hours 
					SET rest_id = '0'
						,day= '4'
						,open='0800'
						,close='1700'
-------------------------------------------------------------------------------------------------------------------------------
Time:[25-09-2014 07:52:24 am] - IP:[115.186.125.71] - User:[qc] - Browser info: [Mozilla/5.0 (Windows NT 6.1; rv:32.0) Gecko/20100101 Firefox/32.0]
-------------------------------------------------------------------------------------------------------------------------------

Add restaurant business hours - tab_resturant_add.php

QUERY --INSERT INTO business_hours 
					SET rest_id = '0'
						,day= '5'
						,open='0800'
						,close='1700'
-------------------------------------------------------------------------------------------------------------------------------
Time:[25-09-2014 07:52:24 am] - IP:[115.186.125.71] - User:[qc] - Browser info: [Mozilla/5.0 (Windows NT 6.1; rv:32.0) Gecko/20100101 Firefox/32.0]
-------------------------------------------------------------------------------------------------------------------------------

Add restaurant business hours - tab_resturant_add.php

QUERY --INSERT INTO business_hours 
					SET rest_id = '0'
						,day= '6'
						,open='0800'
						,close='1700'